[INFO ] 2018-02-08 17:14:48.513 [Thread-0] PlatformInit - main(): java.runtime.name=Java(TM) SE Runtime Environment
[INFO ] 2018-02-08 17:14:48.514 [Thread-0] PlatformInit - main(): sun.boot.library.path=/home/thomas/Development/jdk1.8.0_151/jre/lib/amd64
[INFO ] 2018-02-08 17:14:48.514 [Thread-0] PlatformInit - main(): java.vm.version=25.151-b12
[INFO ] 2018-02-08 17:14:48.514 [Thread-0] PlatformInit - main(): java.vm.vendor=Oracle Corporation
[INFO ] 2018-02-08 17:14:48.514 [Thread-0] PlatformInit - main(): java.vendor.url=http://java.oracle.com/
[INFO ] 2018-02-08 17:14:48.514 [Thread-0] PlatformInit - main(): path.separator=:
[INFO ] 2018-02-08 17:14:48.514 [Thread-0] PlatformInit - main(): java.vm.name=Java HotSpot(TM) 64-Bit Server VM
[INFO ] 2018-02-08 17:14:48.514 [Thread-0] PlatformInit - main(): file.encoding.pkg=sun.io
[INFO ] 2018-02-08 17:14:48.518 [Thread-0] PlatformInit - main(): user.country=GB
[INFO ] 2018-02-08 17:14:48.518 [Thread-0] PlatformInit - main(): sun.java.launcher=SUN_STANDARD
[INFO ] 2018-02-08 17:14:48.518 [Thread-0] PlatformInit - main(): sun.os.patch.level=unknown
[INFO ] 2018-02-08 17:14:48.518 [Thread-0] PlatformInit - main(): java.vm.specification.name=Java Virtual Machine Specification
[INFO ] 2018-02-08 17:14:48.518 [Thread-0] PlatformInit - main(): user.dir=/home/thomas/work/SwingRipper
[INFO ] 2018-02-08 17:14:48.518 [Thread-0] PlatformInit - main(): java.runtime.version=1.8.0_151-b12
[INFO ] 2018-02-08 17:14:48.518 [Thread-0] PlatformInit - main(): java.awt.graphicsenv=sun.awt.X11GraphicsEnvironment
[INFO ] 2018-02-08 17:14:48.519 [Thread-0] PlatformInit - main(): java.endorsed.dirs=/home/thomas/Development/jdk1.8.0_151/jre/lib/endorsed
[INFO ] 2018-02-08 17:14:48.519 [Thread-0] PlatformInit - main(): os.arch=amd64
[INFO ] 2018-02-08 17:14:48.519 [Thread-0] PlatformInit - main(): java.io.tmpdir=/tmp
[INFO ] 2018-02-08 17:14:48.519 [Thread-0] PlatformInit - main(): line.separator=

[INFO ] 2018-02-08 17:14:48.519 [Thread-0] PlatformInit - main(): java.vm.specification.vendor=Oracle Corporation
[INFO ] 2018-02-08 17:14:48.519 [Thread-0] PlatformInit - main(): os.name=Linux
[INFO ] 2018-02-08 17:14:48.519 [Thread-0] PlatformInit - main(): sun.jnu.encoding=UTF-8
[INFO ] 2018-02-08 17:14:48.519 [Thread-0] PlatformInit - main(): java.library.path=/usr/java/packages/lib/amd64:/usr/lib64:/lib64:/lib:/usr/lib
[INFO ] 2018-02-08 17:14:48.519 [Thread-0] PlatformInit - main(): sun.awt.enableExtraMouseButtons=true
[INFO ] 2018-02-08 17:14:48.519 [Thread-0] PlatformInit - main(): java.specification.name=Java Platform API Specification
[INFO ] 2018-02-08 17:14:48.520 [Thread-0] PlatformInit - main(): java.class.version=52.0
[INFO ] 2018-02-08 17:14:48.520 [Thread-0] PlatformInit - main(): sun.management.compiler=HotSpot 64-Bit Tiered Compilers
[INFO ] 2018-02-08 17:14:48.520 [Thread-0] PlatformInit - main(): os.version=4.13.0-32-generic
[INFO ] 2018-02-08 17:14:48.520 [Thread-0] PlatformInit - main(): user.home=/home/thomas
[INFO ] 2018-02-08 17:14:48.520 [Thread-0] PlatformInit - main(): user.timezone=Europe/London
[INFO ] 2018-02-08 17:14:48.520 [Thread-0] PlatformInit - main(): java.awt.printerjob=sun.print.PSPrinterJob
[INFO ] 2018-02-08 17:14:48.520 [Thread-0] PlatformInit - main(): file.encoding=UTF-8
[INFO ] 2018-02-08 17:14:48.520 [Thread-0] PlatformInit - main(): java.specification.version=1.8
[INFO ] 2018-02-08 17:14:48.520 [Thread-0] PlatformInit - main(): java.class.path=/home/thomas/Development/jdk1.8.0_151/jre/lib/charsets.jar:/home/thomas/Development/jdk1.8.0_151/jre/lib/deploy.jar:/home/thomas/Development/jdk1.8.0_151/jre/lib/ext/cldrdata.jar:/home/thomas/Development/jdk1.8.0_151/jre/lib/ext/dnsns.jar:/home/thomas/Development/jdk1.8.0_151/jre/lib/ext/jaccess.jar:/home/thomas/Development/jdk1.8.0_151/jre/lib/ext/jfxrt.jar:/home/thomas/Development/jdk1.8.0_151/jre/lib/ext/localedata.jar:/home/thomas/Development/jdk1.8.0_151/jre/lib/ext/nashorn.jar:/home/thomas/Development/jdk1.8.0_151/jre/lib/ext/sunec.jar:/home/thomas/Development/jdk1.8.0_151/jre/lib/ext/sunjce_provider.jar:/home/thomas/Development/jdk1.8.0_151/jre/lib/ext/sunpkcs11.jar:/home/thomas/Development/jdk1.8.0_151/jre/lib/ext/zipfs.jar:/home/thomas/Development/jdk1.8.0_151/jre/lib/javaws.jar:/home/thomas/Development/jdk1.8.0_151/jre/lib/jce.jar:/home/thomas/Development/jdk1.8.0_151/jre/lib/jfr.jar:/home/thomas/Development/jdk1.8.0_151/jre/lib/jfxswt.jar:/home/thomas/Development/jdk1.8.0_151/jre/lib/jsse.jar:/home/thomas/Development/jdk1.8.0_151/jre/lib/management-agent.jar:/home/thomas/Development/jdk1.8.0_151/jre/lib/plugin.jar:/home/thomas/Development/jdk1.8.0_151/jre/lib/resources.jar:/home/thomas/Development/jdk1.8.0_151/jre/lib/rt.jar:/home/thomas/work/SwingRipper/target/classes:/home/thomas/.m2/repository/mysql/mysql-connector-java/5.1.39/mysql-connector-java-5.1.39.jar:/home/thomas/Development/idea-IU-173.4127.27/lib/idea_rt.jar
[INFO ] 2018-02-08 17:14:48.520 [Thread-0] PlatformInit - main(): user.name=thomas
[INFO ] 2018-02-08 17:14:48.520 [Thread-0] PlatformInit - main(): java.vm.specification.version=1.8
[INFO ] 2018-02-08 17:14:48.521 [Thread-0] PlatformInit - main(): sun.java.command=com.thomasdeanwhite.swingripper.SwingRipper /usr/local/Lobo Evolution/lobo.jar /home/thomas/work/gui_image_identification/public/
[INFO ] 2018-02-08 17:14:48.521 [Thread-0] PlatformInit - main(): java.home=/home/thomas/Development/jdk1.8.0_151/jre
[INFO ] 2018-02-08 17:14:48.521 [Thread-0] PlatformInit - main(): sun.arch.data.model=64
[INFO ] 2018-02-08 17:14:48.521 [Thread-0] PlatformInit - main(): user.language=en
[INFO ] 2018-02-08 17:14:48.521 [Thread-0] PlatformInit - main(): java.specification.vendor=Oracle Corporation
[INFO ] 2018-02-08 17:14:48.521 [Thread-0] PlatformInit - main(): awt.toolkit=sun.awt.X11.XToolkit
[INFO ] 2018-02-08 17:14:48.521 [Thread-0] PlatformInit - main(): java.vm.info=mixed mode
[INFO ] 2018-02-08 17:14:48.521 [Thread-0] PlatformInit - main(): java.version=1.8.0_151
[INFO ] 2018-02-08 17:14:48.521 [Thread-0] PlatformInit - main(): java.ext.dirs=/home/thomas/Development/jdk1.8.0_151/jre/lib/ext:/usr/java/packages/lib/ext
[INFO ] 2018-02-08 17:14:48.521 [Thread-0] PlatformInit - main(): sun.boot.class.path=/home/thomas/Development/jdk1.8.0_151/jre/lib/resources.jar:/home/thomas/Development/jdk1.8.0_151/jre/lib/rt.jar:/home/thomas/Development/jdk1.8.0_151/jre/lib/sunrsasign.jar:/home/thomas/Development/jdk1.8.0_151/jre/lib/jsse.jar:/home/thomas/Development/jdk1.8.0_151/jre/lib/jce.jar:/home/thomas/Development/jdk1.8.0_151/jre/lib/charsets.jar:/home/thomas/Development/jdk1.8.0_151/jre/lib/jfr.jar:/home/thomas/Development/jdk1.8.0_151/jre/classes
[INFO ] 2018-02-08 17:14:48.521 [Thread-0] PlatformInit - main(): java.vendor=Oracle Corporation
[INFO ] 2018-02-08 17:14:48.521 [Thread-0] PlatformInit - main(): file.separator=/
[INFO ] 2018-02-08 17:14:48.521 [Thread-0] PlatformInit - main(): java.vendor.url.bug=http://bugreport.sun.com/bugreport/
[INFO ] 2018-02-08 17:14:48.521 [Thread-0] PlatformInit - main(): sun.font.fontmanager=sun.awt.X11FontManager
[INFO ] 2018-02-08 17:14:48.521 [Thread-0] PlatformInit - main(): sun.io.unicode.encoding=UnicodeLittle
[INFO ] 2018-02-08 17:14:48.523 [Thread-0] PlatformInit - main(): sun.cpu.endian=little
[INFO ] 2018-02-08 17:14:48.523 [Thread-0] PlatformInit - main(): sun.desktop=gnome
[INFO ] 2018-02-08 17:14:48.523 [Thread-0] PlatformInit - main(): sun.cpu.isalist=
